<?xml version="1.0" encoding="UTF-8"?>
<testng-results total="1" passed="1" failed="0" skipped="0">
  <reporter-output>
  </reporter-output>
  <suite started-at="2020-10-11T13:20:25Z" name="Default suite" finished-at="2020-10-11T13:20:39Z" duration-ms="14175">
    <groups>
      <group name="cucumber">
        <method signature="TestRunner.feature(cucumber.api.testng.CucumberFeatureWrapper)[pri:0, instance:com.cucumberFramework.testRunner.TestRunner@4e50c791]" name="feature" class="com.cucumberFramework.testRunner.TestRunner"/>
      </group> <!-- cucumber -->
    </groups>
    <test started-at="2020-10-11T13:20:25Z" name="Default test" finished-at="2020-10-11T13:20:39Z" duration-ms="14175">
      <class name="com.cucumberFramework.testRunner.TestRunner">
        <test-method is-config="true" signature="setUpClass()[pri:0, instance:com.cucumberFramework.testRunner.TestRunner@4e50c791]" started-at="2020-10-11T18:50:25Z" name="setUpClass" finished-at="2020-10-11T18:50:25Z" duration-ms="246" status="PASS">
          <reporter-output>
          </reporter-output>
        </test-method> <!-- setUpClass -->
        <test-method signature="feature(cucumber.api.testng.CucumberFeatureWrapper)[pri:0, instance:com.cucumberFramework.testRunner.TestRunner@4e50c791]" started-at="2020-10-11T18:50:25Z" name="feature" description="Runs cucmber Features" data-provider="features" finished-at="2020-10-11T18:50:39Z" duration-ms="13806" status="PASS">
          <params>
            <param index="0">
              <value>
                <![CDATA[As a customer I should be able to book flight and get a valid confirmation Id]]>
              </value>
            </param>
          </params>
          <reporter-output>
          </reporter-output>
        </test-method> <!-- feature -->
        <test-method is-config="true" signature="testDownClass()[pri:0, instance:com.cucumberFramework.testRunner.TestRunner@4e50c791]" started-at="2020-10-11T18:50:39Z" name="testDownClass" finished-at="2020-10-11T18:50:39Z" duration-ms="20" status="PASS">
          <reporter-output>
          </reporter-output>
        </test-method> <!-- testDownClass -->
      </class> <!-- com.cucumberFramework.testRunner.TestRunner -->
    </test> <!-- Default test -->
  </suite> <!-- Default suite -->
</testng-results>
